Using pre-set license
Built from '2020.3/staging' branch; Version is '2020.3.14f1 (d0d1bb862f9d) revision 13685179'; Using compiler version '192528614'; Build Type 'Release'
OS: 'Windows 10 Education; OS build 19042.1348; Version 2009; 64bit' Language: 'en' Physical Memory: 16180 MB
BatchMode: 1, IsHumanControllingUs: 0, StartBugReporterOnCrash: 0, Is64bit: 1, IsPro: 0

 COMMAND LINE ARGUMENTS:
C:\Program Files\Unity\Editor\Unity.exe
-adb2
-batchMode
-noUpm
-name
AssetImportWorker0
-projectPath
C:/Users/W0456839/OneDrive - Nova Scotia Community College/Unity Projects/New folder/New folder/Cinemachine Challenge
-logFile
Logs/AssetImportWorker0.log
-srvPort
60553
Successfully changed project path to: C:/Users/W0456839/OneDrive - Nova Scotia Community College/Unity Projects/New folder/New folder/Cinemachine Challenge
C:/Users/W0456839/OneDrive - Nova Scotia Community College/Unity Projects/New folder/New folder/Cinemachine Challenge
Using Asset Import Pipeline V2.
Refreshing native plugins compatible for Editor in 32.71 ms, found 2 plugins.
Preloading 0 native plugins for Editor in 0.00 ms.
Initialize engine version: 2020.3.14f1 (d0d1bb862f9d)
[Subsystems] Discovering subsystems at path C:/Program Files/Unity/Editor/Data/Resources/UnitySubsystems
[Subsystems] Discovering subsystems at path C:/Users/W0456839/OneDrive - Nova Scotia Community College/Unity Projects/New folder/New folder/Cinemachine Challenge/Assets
GfxDevice: creating device client; threaded=0
Direct3D:
    Version:  Direct3D 11.0 [level 11.0]
    Renderer: NVIDIA Quadro K2200 (ID=0x13ba)
    Vendor:   
    VRAM:     4053 MB
    Driver:   27.21.14.6192
Initialize mono
Mono path[0] = 'C:/Program Files/Unity/Editor/Data/Managed'
Mono path[1] = 'C:/Program Files/Unity/Editor/Data/MonoBleedingEdge/lib/mono/unityjit'
Mono config path = 'C:/Program Files/Unity/Editor/Data/MonoBleedingEdge/etc'
Using monoOptions --debugger-agent=transport=dt_socket,embedding=1,server=y,suspend=n,address=127.0.0.1:56548
Begin MonoManager ReloadAssembly
Registering precompiled unity dll's ...
Register platform support module: C:/Program Files/Unity/Editor/Data/PlaybackEngines/WindowsStandaloneSupport/UnityEditor.WindowsStandalone.Extensions.dll
Registered in 0.001927 seconds.
Native extension for WindowsStandalone target not found
Refreshing native plugins compatible for Editor in 31.66 ms, found 2 plugins.
Preloading 0 native plugins for Editor in 0.00 ms.
Mono: successfully reloaded assembly
- Completed reload, in  0.995 seconds
Domain Reload Profiling:
	ReloadAssembly (995ms)
		BeginReloadAssembly (53ms)
			ExecutionOrderSort (0ms)
			DisableScriptedObjects (0ms)
			BackupInstance (0ms)
			ReleaseScriptingObjects (0ms)
			CreateAndSetChildDomain (1ms)
		EndReloadAssembly (395ms)
			LoadAssemblies (51ms)
			RebuildTransferFunctionScriptingTraits (0ms)
			SetupTypeCache (145ms)
			ReleaseScriptCaches (0ms)
			RebuildScriptCaches (30ms)
			SetupLoadedEditorAssemblies (153ms)
				LogAssemblyErrors (0ms)
				InitializePlatformSupportModulesInManaged (3ms)
				SetLoadedEditorAssemblies (0ms)
				RefreshPlugins (32ms)
				BeforeProcessingInitializeOnLoad (13ms)
				ProcessInitializeOnLoadAttributes (78ms)
				ProcessInitializeOnLoadMethodAttributes (26ms)
				AfterProcessingInitializeOnLoad (0ms)
				EditorAssembliesLoaded (0ms)
			ExecutionOrderSort2 (0ms)
			AwakeInstancesAfterBackupRestoration (0ms)
Platform modules already initialized, skipping
Registering precompiled user dll's ...
Registered in 0.004127 seconds.
Begin MonoManager ReloadAssembly
Native extension for WindowsStandalone target not found
Refreshing native plugins compatible for Editor in 0.35 ms, found 2 plugins.
Preloading 0 native plugins for Editor in 0.00 ms.
Mono: successfully reloaded assembly
- Completed reload, in  1.037 seconds
Domain Reload Profiling:
	ReloadAssembly (1038ms)
		BeginReloadAssembly (141ms)
			ExecutionOrderSort (0ms)
			DisableScriptedObjects (4ms)
			BackupInstance (0ms)
			ReleaseScriptingObjects (0ms)
			CreateAndSetChildDomain (17ms)
		EndReloadAssembly (837ms)
			LoadAssemblies (84ms)
			RebuildTransferFunctionScriptingTraits (0ms)
			SetupTypeCache (278ms)
			ReleaseScriptCaches (0ms)
			RebuildScriptCaches (47ms)
			SetupLoadedEditorAssemblies (334ms)
				LogAssemblyErrors (0ms)
				InitializePlatformSupportModulesInManaged (5ms)
				SetLoadedEditorAssemblies (0ms)
				RefreshPlugins (0ms)
				BeforeProcessingInitializeOnLoad (95ms)
				ProcessInitializeOnLoadAttributes (222ms)
				ProcessInitializeOnLoadMethodAttributes (4ms)
				AfterProcessingInitializeOnLoad (7ms)
				EditorAssembliesLoaded (0ms)
			ExecutionOrderSort2 (0ms)
			AwakeInstancesAfterBackupRestoration (7ms)
Platform modules already initialized, skipping
========================================================================
Worker process is ready to serve import requests
Launched and connected shader compiler UnityShaderCompiler.exe after 0.04 seconds
Refreshing native plugins compatible for Editor in 0.36 ms, found 2 plugins.
Preloading 0 native plugins for Editor in 0.00 ms.
Unloading 1898 Unused Serialized files (Serialized files now loaded: 0)
System memory in use before: 86.6 MB.
System memory in use after: 86.6 MB.

Unloading 21 unused Assets to reduce memory usage. Loaded Objects now: 2332.
Total: 2.094700 ms (FindLiveObjects: 0.160500 ms CreateObjectMapping: 0.064000 ms MarkObjects: 1.770900 ms  DeleteObjects: 0.098200 ms)

AssetImportParameters requested are different than current active one (requested -> active):
  custom:framework-win-MediaFoundation: 216162199b28c13a410421893ffa2e32 -> 
  custom:video-decoder-ogg-theora: a1e56fd34408186e4bbccfd4996cb3dc -> 
  custom:container-muxer-webm: aa71ff27fc2769a1b78a27578f13a17b -> 
  custom:container-demuxer-webm: 4f35f7cbe854078d1ac9338744f61a02 -> 
  custom:container-demuxer-ogg: 62fdf1f143b41e24485cea50d1cbac27 -> 
  custom:video-encoder-webm-vp8: eb34c28f22e8b96e1ab97ce403110664 -> 
  custom:video-decoder-webm-vp8: 9c59270c3fd7afecdb556c50c9e8de78 -> 
  custom:audio-decoder-ogg-vorbis: bf7c407c2cedff20999df2af8eb42d56 -> 
  custom:audio-encoder-webm-vorbis: bf7c407c2cedff20999df2af8eb42d56 -> 
========================================================================
Received Import Request.
  path: Assets
  artifactKey: Guid(00000000000000001000000000000000) Importer(815301076,1909f56bfc062723c751e8b465ee728b)
Start importing Assets using Guid(00000000000000001000000000000000) Importer(815301076,1909f56bfc062723c751e8b465ee728b)  -> (artifact id: '42d402b061de3733987d63b9cc3b64de') in 0.008711 seconds 
  Import took 0.011428 seconds .

========================================================================
Received Import Request.
  Time since last request: 1.760558 seconds.
  path: Assets/Materials
  artifactKey: Guid(747cc21979ff3534681a768f609cb827) Importer(815301076,1909f56bfc062723c751e8b465ee728b)
Start importing Assets/Materials using Guid(747cc21979ff3534681a768f609cb827) Importer(815301076,1909f56bfc062723c751e8b465ee728b)  -> (artifact id: '50352dcc58612bfa14390d997c1ccf25') in 0.009573 seconds 
  Import took 0.013014 seconds .

========================================================================
Received Import Request.
  Time since last request: 7.357621 seconds.
  path: Assets/Materials/New Material.mat
  artifactKey: Guid(61be5453c7c84ba4a94bd16ec13f7e64) Importer(815301076,1909f56bfc062723c751e8b465ee728b)
Start importing Assets/Materials/New Material.mat using Guid(61be5453c7c84ba4a94bd16ec13f7e64) Importer(815301076,1909f56bfc062723c751e8b465ee728b)  -> (artifact id: '3e096eeb0dc28ac338612ac2b828dd73') in 0.122085 seconds 
  Import took 0.125129 seconds .

========================================================================
Received Import Request.
  Time since last request: 15.858735 seconds.
  path: Assets/Materials/Floor.mat
  artifactKey: Guid(61be5453c7c84ba4a94bd16ec13f7e64) Importer(815301076,1909f56bfc062723c751e8b465ee728b)
Start importing Assets/Materials/Floor.mat using Guid(61be5453c7c84ba4a94bd16ec13f7e64) Importer(815301076,1909f56bfc062723c751e8b465ee728b)  -> (artifact id: 'dc08b9dfc8d58865326063aa42a34692') in 0.013573 seconds 
  Import took 0.016795 seconds .

========================================================================
Received Import Request.
  Time since last request: 11.577620 seconds.
  path: Assets/Materials/Player.mat
  artifactKey: Guid(954513c15748ae9448003e11782d2a28) Importer(815301076,1909f56bfc062723c751e8b465ee728b)
Start importing Assets/Materials/Player.mat using Guid(954513c15748ae9448003e11782d2a28) Importer(815301076,1909f56bfc062723c751e8b465ee728b)  -> (artifact id: 'd123725cfd49f7ce527d3423d89bcf4e') in 0.014316 seconds 
  Import took 0.017784 seconds .

========================================================================
Received Import Request.
  Time since last request: 175.720605 seconds.
  path: Assets/Materials/Moving anim.playable
  artifactKey: Guid(d6efffed2e2464840a6f8b8bdc884073) Importer(815301076,1909f56bfc062723c751e8b465ee728b)
Start importing Assets/Materials/Moving anim.playable using Guid(d6efffed2e2464840a6f8b8bdc884073) Importer(815301076,1909f56bfc062723c751e8b465ee728b)  -> (artifact id: '08b60fe23954abfa02ddbe80eacc9f15') in 0.010574 seconds 
  Import took 0.013993 seconds .

========================================================================
Received Import Request.
  Time since last request: 0.000271 seconds.
  path: Assets/Materials/Player TimeLine.playable
  artifactKey: Guid(4c94e9bb8917bd94a877778c655df6c0) Importer(815301076,1909f56bfc062723c751e8b465ee728b)
Start importing Assets/Materials/Player TimeLine.playable using Guid(4c94e9bb8917bd94a877778c655df6c0) Importer(815301076,1909f56bfc062723c751e8b465ee728b)  -> (artifact id: '948b514763f245a9250bdc1c110ff642') in 0.007930 seconds 
  Import took 0.010989 seconds .

========================================================================
Received Import Request.
  Time since last request: 7.969977 seconds.
  path: Assets/Materials/Player Moving.anim
  artifactKey: Guid(2f24387818d11df4e909089decc57e7d) Importer(815301076,1909f56bfc062723c751e8b465ee728b)
Start importing Assets/Materials/Player Moving.anim using Guid(2f24387818d11df4e909089decc57e7d) Importer(815301076,1909f56bfc062723c751e8b465ee728b)  -> (artifact id: 'b191a9850016f71cb12b98f1d0153574') in 0.008729 seconds 
  Import took 0.011636 seconds .

========================================================================
Received Import Request.
  Time since last request: 0.000830 seconds.
  path: Assets/Materials/Player Moving.anim
  artifactKey: Guid(2f24387818d11df4e909089decc57e7d) Importer(815301076,1909f56bfc062723c751e8b465ee728b)
Start importing Assets/Materials/Player Moving.anim using Guid(2f24387818d11df4e909089decc57e7d) Importer(815301076,1909f56bfc062723c751e8b465ee728b)  -> (artifact id: 'b191a9850016f71cb12b98f1d0153574') in 0.002513 seconds 
  Import took 0.005692 seconds .

========================================================================
Received Import Request.
  Time since last request: 19.272009 seconds.
  path: Assets/Materials/Player.controller
  artifactKey: Guid(74fc965d496bc04489a6f2a9202a19ff) Importer(815301076,1909f56bfc062723c751e8b465ee728b)
Start importing Assets/Materials/Player.controller using Guid(74fc965d496bc04489a6f2a9202a19ff) Importer(815301076,1909f56bfc062723c751e8b465ee728b)  -> (artifact id: 'be80958e5afcdad106e260130a42a601') in 0.007675 seconds 
  Import took 0.010873 seconds .

========================================================================
Received Import Request.
  Time since last request: 0.000558 seconds.
  path: Assets/Materials/Player.controller
  artifactKey: Guid(74fc965d496bc04489a6f2a9202a19ff) Importer(815301076,1909f56bfc062723c751e8b465ee728b)
Start importing Assets/Materials/Player.controller using Guid(74fc965d496bc04489a6f2a9202a19ff) Importer(815301076,1909f56bfc062723c751e8b465ee728b)  -> (artifact id: 'be80958e5afcdad106e260130a42a601') in 0.002331 seconds 
  Import took 0.005210 seconds .

========================================================================
Received Prepare
Registering precompiled user dll's ...
Registered in 0.004024 seconds.
Begin MonoManager ReloadAssembly
Native extension for WindowsStandalone target not found
Refreshing native plugins compatible for Editor in 0.37 ms, found 2 plugins.
Preloading 0 native plugins for Editor in 0.00 ms.
Mono: successfully reloaded assembly
- Completed reload, in  0.997 seconds
Domain Reload Profiling:
	ReloadAssembly (998ms)
		BeginReloadAssembly (122ms)
			ExecutionOrderSort (0ms)
			DisableScriptedObjects (4ms)
			BackupInstance (0ms)
			ReleaseScriptingObjects (0ms)
			CreateAndSetChildDomain (33ms)
		EndReloadAssembly (809ms)
			LoadAssemblies (90ms)
			RebuildTransferFunctionScriptingTraits (0ms)
			SetupTypeCache (276ms)
			ReleaseScriptCaches (1ms)
			RebuildScriptCaches (40ms)
			SetupLoadedEditorAssemblies (312ms)
				LogAssemblyErrors (0ms)
				InitializePlatformSupportModulesInManaged (5ms)
				SetLoadedEditorAssemblies (0ms)
				RefreshPlugins (0ms)
				BeforeProcessingInitializeOnLoad (88ms)
				ProcessInitializeOnLoadAttributes (207ms)
				ProcessInitializeOnLoadMethodAttributes (4ms)
				AfterProcessingInitializeOnLoad (6ms)
				EditorAssembliesLoaded (0ms)
			ExecutionOrderSort2 (0ms)
			AwakeInstancesAfterBackupRestoration (6ms)
Platform modules already initialized, skipping
Refreshing native plugins compatible for Editor in 0.38 ms, found 2 plugins.
Preloading 0 native plugins for Editor in 0.00 ms.
Unloading 1869 Unused Serialized files (Serialized files now loaded: 0)
System memory in use before: 87.6 MB.
System memory in use after: 87.6 MB.

Unloading 16 unused Assets to reduce memory usage. Loaded Objects now: 2375.
Total: 2.278900 ms (FindLiveObjects: 0.171100 ms CreateObjectMapping: 0.063500 ms MarkObjects: 1.962200 ms  DeleteObjects: 0.080800 ms)

AssetImportParameters requested are different than current active one (requested -> active):
  custom:framework-win-MediaFoundation: 216162199b28c13a410421893ffa2e32 -> 
  custom:video-decoder-ogg-theora: a1e56fd34408186e4bbccfd4996cb3dc -> 
  custom:container-muxer-webm: aa71ff27fc2769a1b78a27578f13a17b -> 
  custom:container-demuxer-webm: 4f35f7cbe854078d1ac9338744f61a02 -> 
  custom:container-demuxer-ogg: 62fdf1f143b41e24485cea50d1cbac27 -> 
  custom:video-encoder-webm-vp8: eb34c28f22e8b96e1ab97ce403110664 -> 
  custom:video-decoder-webm-vp8: 9c59270c3fd7afecdb556c50c9e8de78 -> 
  custom:audio-decoder-ogg-vorbis: bf7c407c2cedff20999df2af8eb42d56 -> 
  custom:audio-encoder-webm-vorbis: bf7c407c2cedff20999df2af8eb42d56 -> 
========================================================================
Received Import Request.
  Time since last request: 843.227241 seconds.
  path: Assets/Materials/Player TimeLine.playable
  artifactKey: Guid(4c94e9bb8917bd94a877778c655df6c0) Importer(815301076,1909f56bfc062723c751e8b465ee728b)
Start importing Assets/Materials/Player TimeLine.playable using Guid(4c94e9bb8917bd94a877778c655df6c0) Importer(815301076,1909f56bfc062723c751e8b465ee728b)  -> (artifact id: 'c8d0e0b4ef3a7d764f6113aaf1aa79eb') in 0.025169 seconds 
  Import took 0.028479 seconds .

========================================================================
Received Import Request.
  Time since last request: 0.000185 seconds.
  path: Assets/Materials/Player.mat
  artifactKey: Guid(954513c15748ae9448003e11782d2a28) Importer(815301076,1909f56bfc062723c751e8b465ee728b)
Start importing Assets/Materials/Player.mat using Guid(954513c15748ae9448003e11782d2a28) Importer(815301076,1909f56bfc062723c751e8b465ee728b)  -> (artifact id: 'a4981ffac1b7983599f9d97dced93c3b') in 0.051300 seconds 
  Import took 0.054529 seconds .

